<?xml version="1.0" encoding="UTF-8"?>
<!-- Generated by org.testng.reporters.JUnitXMLReporter -->
<testsuite ignored="2" hostname="Default" failures="0" tests="1" name="Default test" time="4.584" errors="0" timestamp="2025-12-24T22:29:21 IST">
  <testcase classname="api.tests.StoreTestUsingDataDriven" name="postData" time="4.047"/>
  <testcase classname="api.tests.StoreTestUsingDataDriven" name="deleteData" time="0.0">
    <ignored/>
  </testcase> <!-- deleteData -->
  <testcase classname="api.tests.StoreTestUsingDataDriven" name="readData" time="0.0">
    <ignored/>
  </testcase> <!-- readData -->
</testsuite> <!-- Default test -->
