<?xml version="1.0" encoding="UTF-8"?>
<!-- Generated by org.testng.reporters.JUnitXMLReporter -->
<testsuite ignored="0" hostname="Default" failures="0" tests="3" name="Test" time="7.927" errors="0" timestamp="2025-12-24T21:42:52 IST">
  <testcase classname="api.tests.StoreTestUsingDataDriven" name="postData" time="3.671"/>
  <testcase classname="api.tests.StoreTestUsingDataDriven" name="readData" time="1.793"/>
  <testcase classname="api.tests.StoreTestUsingDataDriven" name="deleteData" time="1.761"/>
</testsuite> <!-- Test -->
