<?xml version="1.0" encoding="UTF-8"?>
<!-- Generated by org.testng.reporters.JUnitXMLReporter -->
<testsuite ignored="0" hostname="Default" failures="0" tests="3" name="Test" time="7.791" errors="0" timestamp="2025-12-24T22:47:28 IST">
  <testcase classname="api.tests.StoreTestUsingDataDriven" name="postData" time="3.578"/>
  <testcase classname="api.tests.StoreTestUsingDataDriven" name="readData" time="1.831"/>
  <testcase classname="api.tests.StoreTestUsingDataDriven" name="deleteData" time="1.707"/>
</testsuite> <!-- Test -->
