<?xml version="1.0" encoding="UTF-8"?>
<testsuite xmlns:xsi="http://www.w3.org/2001/XMLSchema-instance" xsi:noNamespaceSchemaLocation="https://maven.apache.org/surefire/maven-surefire-plugin/xsd/surefire-test-report-3.0.xsd" version="3.0" name="TestSuite" time="8.459" tests="3" errors="0" skipped="0" failures="0">
  <properties>
[...]
</properties>
  <testcase name="postData[{Status=placed, Quantity=1, petId=56789, Id=5, testname=postData, execute=yes}](1)" classname="api.tests.StoreTestUsingDataDriven" time="3.588">
    <system-out><![CDATA[HTTP/1.1 200 OK
Date: Wed, 24 Dec 2025 17:17:25 GMT
Content-Type: application/json
Transfer-Encoding: chunked
Connection: keep-alive
Access-Control-Allow-Origin: *
Access-Control-Allow-Methods: GET, POST, DELETE, PUT
Access-Control-Allow-Headers: Content-Type, api_key, Authorization
Server: Jetty(9.2.9.v20150224)

{
    "id": 5,
    "petId": 56789,
    "quantity": 1,
    "status": "placed",
    "complete": false
}
]]></system-out>
  </testcase>
  <testcase name="readData[{Status=placed, Quantity=1, petId=56789, Id=1, testname=readData, execute=yes}](1)" classname="api.tests.StoreTestUsingDataDriven" time="1.83">
    <system-out><![CDATA[HTTP/1.1 200 OK
Date: Wed, 24 Dec 2025 17:17:27 GMT
Content-Type: application/json
Transfer-Encoding: chunked
Connection: keep-alive
Access-Control-Allow-Origin: *
Access-Control-Allow-Methods: GET, POST, DELETE, PUT
Access-Control-Allow-Headers: Content-Type, api_key, Authorization
Server: Jetty(9.2.9.v20150224)

{
    "id": 5,
    "petId": 56789,
    "quantity": 1,
    "status": "placed",
    "complete": false
}
]]></system-out>
  </testcase>
  <testcase name="deleteData[{Status=placed, Quantity=1, petId=56789, Id=1, testname=deleteData, execute=yes}](1)" classname="api.tests.StoreTestUsingDataDriven" time="1.7"/>
</testsuite>