<?xml version="1.0" encoding="UTF-8"?>
<testng-results ignored="2" total="3" passed="1" failed="0" skipped="0">
  <reporter-output>
  </reporter-output>
  <suite started-at="2025-12-24T22:29:16 IST" name="Default suite" finished-at="2025-12-24T22:29:21 IST" duration-ms="4584">
    <groups>
    </groups>
    <test started-at="2025-12-24T22:29:16 IST" name="Default test" finished-at="2025-12-24T22:29:21 IST" duration-ms="4584">
      <class name="api.tests.StoreTestUsingDataDriven">
        <test-method signature="postData(java.util.Map)[pri:1, instance:api.tests.StoreTestUsingDataDriven@7817fd62]" started-at="2025-12-24T22:29:17 IST" name="postData" data-provider="getData" finished-at="2025-12-24T22:29:21 IST" duration-ms="4047" status="PASS">
          <params>
            <param index="0">
              <value>
                <![CDATA[{Status=placed, Quantity=1, petId=56789, Id=5, testname=postData, execute=yes}]]>
              </value>
            </param>
          </params>
          <reporter-output>
          </reporter-output>
        </test-method> <!-- postData -->
      </class> <!-- api.tests.StoreTestUsingDataDriven -->
    </test> <!-- Default test -->
  </suite> <!-- Default suite -->
</testng-results>
