<?xml version="1.0" encoding="UTF-8"?>
<!-- Generated by org.testng.reporters.JUnitReportReporter -->
<testsuite hostname="1XNGKT3" failures="0" tests="3" name="api.tests.StoreTest" time="5.342" errors="0" timestamp="2025-12-20T21:55:51 IST" skipped="0">
  <testcase classname="api.tests.StoreTest" name="postData" time="2.663"/>
  <testcase classname="api.tests.StoreTest" name="readData" time="1.398"/>
  <testcase classname="api.tests.StoreTest" name="deleteData" time="1.281"/>
</testsuite> <!-- api.tests.StoreTest -->
