<?xml version="1.0" encoding="UTF-8"?>
<!-- Generated by org.testng.reporters.JUnitReportReporter -->
<testsuite hostname="Default" failures="0" tests="3" name="api.tests.StoreTestUsingDataDriven" time="7.116" errors="0" timestamp="2025-12-24T22:47:28 IST" skipped="0">
  <testcase classname="api.tests.StoreTestUsingDataDriven" name="postData" time="3.578"/>
  <system-out/>
  <testcase classname="api.tests.StoreTestUsingDataDriven" name="readData" time="1.831"/>
  <system-out/>
  <testcase classname="api.tests.StoreTestUsingDataDriven" name="deleteData" time="1.707"/>
  <system-out/>
</testsuite> <!-- api.tests.StoreTestUsingDataDriven -->
